build/app/intermediates/manifest_merge_blame_file/release/manifest-merger-blame-release-report.txt
1<?xml version="1.0" encoding="utf-8"?>
2<manifest xmlns:android="http://schemas.android.com/apk/res/android"
3    package="com.example.perfegged"
4    android:versionCode="1"
5    android:versionName="1.0.0" >
6
7    <uses-sdk
8        android:minSdkVersion="21"
8-->src\main\AndroidManifest.xml
9        android:targetSdkVersion="28" />
9-->src\main\AndroidManifest.xml
10
11    <uses-permission android:name="android.permission.INTERNET" />
11-->src\main\AndroidManifest.xml:4:5-66
11-->src\main\AndroidManifest.xml:4:22-64
12    <uses-permission android:name="android.permission.READ_EXTERNAL_STORAGE" />
12-->src\main\AndroidManifest.xml:5:5-79
12-->src\main\AndroidManifest.xml:5:22-77
13    <uses-permission android:name="android.permission.WRITE_EXTERNAL_STORAGE" />
13-->src\main\AndroidManifest.xml:6:5-80
13-->src\main\AndroidManifest.xml:6:22-78
14    <uses-permission android:name="android.permission.ACCESS_FINE_LOCATION" />
14-->src\main\AndroidManifest.xml:7:5-79
14-->src\main\AndroidManifest.xml:7:22-76
15    <uses-permission android:name="android.permission.ACCESS_COARSE_LOCATION" />
15-->src\main\AndroidManifest.xml:8:5-81
15-->src\main\AndroidManifest.xml:8:22-78
16    <uses-permission android:name="android.permission.ACCESS_NOTIFICATION_POLICY" />
16-->src\main\AndroidManifest.xml:9:5-84
16-->src\main\AndroidManifest.xml:9:22-82
17    <uses-permission android:name="android.permission.VIBRATE" />
17-->src\main\AndroidManifest.xml:10:5-65
17-->src\main\AndroidManifest.xml:10:22-63
18    <uses-permission android:name="android.permission.ACCESS_NETWORK_STATE" />
18-->[com.firebaseui:firebase-ui-auth:7.2.0] AndroidManifest.xml:12:5-79
18-->[com.firebaseui:firebase-ui-auth:7.2.0] AndroidManifest.xml:12:22-76
19
20    <application
21        android:name="android.app.Application"
21-->src\main\AndroidManifest.xml:15:9-42
22        android:appComponentFactory="androidx.core.app.CoreComponentFactory"
22-->[androidx.core:core:1.6.0] AndroidManifest.xml:24:18-86
23        android:icon="@mipmap/ic_launcher"
23-->src\main\AndroidManifest.xml:16:9-43
24        android:label="perfegged" >
24-->src\main\AndroidManifest.xml:14:9-34
25        <activity
25-->src\main\AndroidManifest.xml:17:9-37:20
26            android:name="com.example.perfegged.MainActivity"
26-->src\main\AndroidManifest.xml:18:13-41
27            android:configChanges="orientation|keyboardHidden|keyboard|screenSize|smallestScreenSize|locale|layoutDirection|fontScale|screenLayout|density|uiMode"
27-->src\main\AndroidManifest.xml:22:13-163
28            android:exported="true"
28-->src\main\AndroidManifest.xml:19:13-36
29            android:hardwareAccelerated="true"
29-->src\main\AndroidManifest.xml:23:13-47
30            android:launchMode="singleTop"
30-->src\main\AndroidManifest.xml:20:13-43
31            android:theme="@style/LaunchTheme"
31-->src\main\AndroidManifest.xml:21:13-47
32            android:windowSoftInputMode="adjustResize" >
32-->src\main\AndroidManifest.xml:24:13-55
33
34            <!--
35                 Specifies an Android theme to apply to this Activity as soon as
36                 the Android process has started. This theme is visible to the user
37                 while the Flutter UI initializes. After that, this theme continues
38                 to determine the Window background behind the Flutter UI.
39            -->
40            <meta-data
40-->src\main\AndroidManifest.xml:29:13-32:17
41                android:name="io.flutter.embedding.android.NormalTheme"
41-->src\main\AndroidManifest.xml:30:15-70
42                android:resource="@style/NormalTheme" />
42-->src\main\AndroidManifest.xml:31:15-52
43
44            <intent-filter>
44-->src\main\AndroidManifest.xml:33:13-36:29
45                <action android:name="android.intent.action.MAIN" />
45-->src\main\AndroidManifest.xml:34:17-68
45-->src\main\AndroidManifest.xml:34:25-66
46
47                <category android:name="android.intent.category.LAUNCHER" />
47-->src\main\AndroidManifest.xml:35:17-76
47-->src\main\AndroidManifest.xml:35:27-74
48            </intent-filter>
49        </activity>
50        <!--
51             Don't delete the meta-data below.
52             This is used by the Flutter tool to generate GeneratedPluginRegistrant.java
53        -->
54        <meta-data
54-->src\main\AndroidManifest.xml:40:9-42:33
55            android:name="flutterEmbedding"
55-->src\main\AndroidManifest.xml:41:13-44
56            android:value="2" />
56-->src\main\AndroidManifest.xml:42:13-30
57
58        <service
58-->[:firebase_auth] AndroidManifest.xml:10:9-14:19
59            android:name="com.google.firebase.components.ComponentDiscoveryService"
59-->[:firebase_auth] AndroidManifest.xml:10:18-89
60            android:directBootAware="true"
60-->[com.google.firebase:firebase-common:20.2.0] AndroidManifest.xml:34:13-43
61            android:exported="false" >
61-->[com.google.firebase:firebase-auth:21.1.0] AndroidManifest.xml:66:13-37
62            <meta-data
62-->[:firebase_auth] AndroidManifest.xml:11:13-13:85
63                android:name="com.google.firebase.components:io.flutter.plugins.firebase.auth.FlutterFirebaseAuthRegistrar"
63-->[:firebase_auth] AndroidManifest.xml:12:17-124
64                android:value="com.google.firebase.components.ComponentRegistrar" />
64-->[:firebase_auth] AndroidManifest.xml:13:17-82
65            <meta-data
65-->[:cloud_firestore] AndroidManifest.xml:11:13-13:85
66                android:name="com.google.firebase.components:io.flutter.plugins.firebase.firestore.FlutterFirebaseFirestoreRegistrar"
66-->[:cloud_firestore] AndroidManifest.xml:12:17-134
67                android:value="com.google.firebase.components.ComponentRegistrar" />
67-->[:cloud_firestore] AndroidManifest.xml:13:17-82
68            <meta-data
68-->[:firebase_core] AndroidManifest.xml:11:13-13:85
69                android:name="com.google.firebase.components:io.flutter.plugins.firebase.core.FlutterFirebaseCoreRegistrar"
69-->[:firebase_core] AndroidManifest.xml:12:17-124
70                android:value="com.google.firebase.components.ComponentRegistrar" />
70-->[:firebase_core] AndroidManifest.xml:13:17-82
71            <meta-data
71-->[com.google.firebase:firebase-auth:21.1.0] AndroidManifest.xml:67:13-69:85
72                android:name="com.google.firebase.components:com.google.firebase.auth.FirebaseAuthRegistrar"
72-->[com.google.firebase:firebase-auth:21.1.0] AndroidManifest.xml:68:17-109
73                android:value="com.google.firebase.components.ComponentRegistrar" />
73-->[com.google.firebase:firebase-auth:21.1.0] AndroidManifest.xml:69:17-82
74            <meta-data
74-->[com.google.firebase:firebase-firestore:24.4.0] AndroidManifest.xml:19:13-21:85
75                android:name="com.google.firebase.components:com.google.firebase.firestore.FirestoreRegistrar"
75-->[com.google.firebase:firebase-firestore:24.4.0] AndroidManifest.xml:20:17-111
76                android:value="com.google.firebase.components.ComponentRegistrar" />
76-->[com.google.firebase:firebase-firestore:24.4.0] AndroidManifest.xml:21:17-82
77        </service>
78        <service
78-->[:location] AndroidManifest.xml:13:9-17:56
79            android:name="com.lyokone.location.FlutterLocationService"
79-->[:location] AndroidManifest.xml:14:13-71
80            android:enabled="true"
80-->[:location] AndroidManifest.xml:15:13-35
81            android:exported="false"
81-->[:location] AndroidManifest.xml:16:13-37
82            android:foregroundServiceType="location" />
82-->[:location] AndroidManifest.xml:17:13-53
83
84        <uses-library
84-->[androidx.window:window:1.0.0-beta04] AndroidManifest.xml:25:9-27:40
85            android:name="androidx.window.extensions"
85-->[androidx.window:window:1.0.0-beta04] AndroidManifest.xml:26:13-54
86            android:required="false" />
86-->[androidx.window:window:1.0.0-beta04] AndroidManifest.xml:27:13-37
87        <uses-library
87-->[androidx.window:window:1.0.0-beta04] AndroidManifest.xml:28:9-30:40
88            android:name="androidx.window.sidecar"
88-->[androidx.window:window:1.0.0-beta04] AndroidManifest.xml:29:13-51
89            android:required="false" />
89-->[androidx.window:window:1.0.0-beta04] AndroidManifest.xml:30:13-37
90
91        <meta-data
91-->[com.firebaseui:firebase-ui-auth:7.2.0] AndroidManifest.xml:16:9-18:69
92            android:name="com.google.android.gms.version"
92-->[com.firebaseui:firebase-ui-auth:7.2.0] AndroidManifest.xml:17:13-58
93            android:value="@integer/google_play_services_version" />
93-->[com.firebaseui:firebase-ui-auth:7.2.0] AndroidManifest.xml:18:13-66
94        <meta-data
94-->[com.firebaseui:firebase-ui-auth:7.2.0] AndroidManifest.xml:19:9-21:63
95            android:name="com.facebook.sdk.ApplicationId"
95-->[com.firebaseui:firebase-ui-auth:7.2.0] AndroidManifest.xml:20:13-58
96            android:value="@string/facebook_application_id" />
96-->[com.firebaseui:firebase-ui-auth:7.2.0] AndroidManifest.xml:21:13-60
97
98        <activity
98-->[com.firebaseui:firebase-ui-auth:7.2.0] AndroidManifest.xml:23:9-27:61
99            android:name="com.firebase.ui.auth.KickoffActivity"
99-->[com.firebaseui:firebase-ui-auth:7.2.0] AndroidManifest.xml:24:13-64
100            android:exported="false"
100-->[com.firebaseui:firebase-ui-auth:7.2.0] AndroidManifest.xml:25:13-37
101            android:label=""
101-->[com.firebaseui:firebase-ui-auth:7.2.0] AndroidManifest.xml:26:13-29
102            android:theme="@style/FirebaseUI.Transparent" />
102-->[com.firebaseui:firebase-ui-auth:7.2.0] AndroidManifest.xml:27:13-58
103        <activity
103-->[com.firebaseui:firebase-ui-auth:7.2.0] AndroidManifest.xml:28:9-32:61
104            android:name="com.firebase.ui.auth.ui.idp.SingleSignInActivity"
104-->[com.firebaseui:firebase-ui-auth:7.2.0] AndroidManifest.xml:29:13-76
105            android:exported="false"
105-->[com.firebaseui:firebase-ui-auth:7.2.0] AndroidManifest.xml:30:13-37
106            android:label=""
106-->[com.firebaseui:firebase-ui-auth:7.2.0] AndroidManifest.xml:31:13-29
107            android:theme="@style/FirebaseUI.Transparent" />
107-->[com.firebaseui:firebase-ui-auth:7.2.0] AndroidManifest.xml:32:13-58
108        <activity
108-->[com.firebaseui:firebase-ui-auth:7.2.0] AndroidManifest.xml:33:9-37:61
109            android:name="com.firebase.ui.auth.ui.credentials.CredentialSaveActivity"
109-->[com.firebaseui:firebase-ui-auth:7.2.0] AndroidManifest.xml:34:13-86
110            android:exported="false"
110-->[com.firebaseui:firebase-ui-auth:7.2.0] AndroidManifest.xml:35:13-37
111            android:label=""
111-->[com.firebaseui:firebase-ui-auth:7.2.0] AndroidManifest.xml:36:13-29
112            android:theme="@style/FirebaseUI.Transparent" />
112-->[com.firebaseui:firebase-ui-auth:7.2.0] AndroidManifest.xml:37:13-58
113        <activity
113-->[com.firebaseui:firebase-ui-auth:7.2.0] AndroidManifest.xml:38:9-42:58
114            android:name="com.firebase.ui.auth.ui.email.RecoverPasswordActivity"
114-->[com.firebaseui:firebase-ui-auth:7.2.0] AndroidManifest.xml:39:13-81
115            android:exported="false"
115-->[com.firebaseui:firebase-ui-auth:7.2.0] AndroidManifest.xml:40:13-37
116            android:label="@string/fui_title_recover_password_activity"
116-->[com.firebaseui:firebase-ui-auth:7.2.0] AndroidManifest.xml:41:13-72
117            android:windowSoftInputMode="adjustResize" />
117-->[com.firebaseui:firebase-ui-auth:7.2.0] AndroidManifest.xml:42:13-55
118        <activity
118-->[com.firebaseui:firebase-ui-auth:7.2.0] AndroidManifest.xml:43:9-47:58
119            android:name="com.firebase.ui.auth.ui.email.EmailActivity"
119-->[com.firebaseui:firebase-ui-auth:7.2.0] AndroidManifest.xml:44:13-71
120            android:exported="false"
120-->[com.firebaseui:firebase-ui-auth:7.2.0] AndroidManifest.xml:45:13-37
121            android:label="@string/fui_sign_in_default"
121-->[com.firebaseui:firebase-ui-auth:7.2.0] AndroidManifest.xml:46:13-56
122            android:windowSoftInputMode="adjustResize" />
122-->[com.firebaseui:firebase-ui-auth:7.2.0] AndroidManifest.xml:47:13-55
123        <activity
123-->[com.firebaseui:firebase-ui-auth:7.2.0] AndroidManifest.xml:48:9-52:77
124            android:name="com.firebase.ui.auth.ui.phone.PhoneActivity"
124-->[com.firebaseui:firebase-ui-auth:7.2.0] AndroidManifest.xml:49:13-71
125            android:exported="false"
125-->[com.firebaseui:firebase-ui-auth:7.2.0] AndroidManifest.xml:50:13-37
126            android:label="@string/fui_sign_in_with_phone_number"
126-->[com.firebaseui:firebase-ui-auth:7.2.0] AndroidManifest.xml:51:13-66
127            android:windowSoftInputMode="adjustResize|stateAlwaysVisible" />
127-->[com.firebaseui:firebase-ui-auth:7.2.0] AndroidManifest.xml:52:13-74
128        <activity
128-->[com.firebaseui:firebase-ui-auth:7.2.0] AndroidManifest.xml:53:9-57:58
129            android:name="com.firebase.ui.auth.ui.idp.WelcomeBackIdpPrompt"
129-->[com.firebaseui:firebase-ui-auth:7.2.0] AndroidManifest.xml:54:13-76
130            android:exported="false"
130-->[com.firebaseui:firebase-ui-auth:7.2.0] AndroidManifest.xml:55:13-37
131            android:label="@string/fui_title_welcome_back_idp_prompt"
131-->[com.firebaseui:firebase-ui-auth:7.2.0] AndroidManifest.xml:56:13-70
132            android:windowSoftInputMode="adjustResize" />
132-->[com.firebaseui:firebase-ui-auth:7.2.0] AndroidManifest.xml:57:13-55
133        <activity
133-->[com.firebaseui:firebase-ui-auth:7.2.0] AndroidManifest.xml:58:9-62:58
134            android:name="com.firebase.ui.auth.ui.email.WelcomeBackPasswordPrompt"
134-->[com.firebaseui:firebase-ui-auth:7.2.0] AndroidManifest.xml:59:13-83
135            android:exported="false"
135-->[com.firebaseui:firebase-ui-auth:7.2.0] AndroidManifest.xml:60:13-37
136            android:label="@string/fui_title_welcome_back_password_prompt"
136-->[com.firebaseui:firebase-ui-auth:7.2.0] AndroidManifest.xml:61:13-75
137            android:windowSoftInputMode="adjustResize" />
137-->[com.firebaseui:firebase-ui-auth:7.2.0] AndroidManifest.xml:62:13-55
138        <activity
138-->[com.firebaseui:firebase-ui-auth:7.2.0] AndroidManifest.xml:63:9-67:58
139            android:name="com.firebase.ui.auth.ui.email.WelcomeBackEmailLinkPrompt"
139-->[com.firebaseui:firebase-ui-auth:7.2.0] AndroidManifest.xml:64:13-84
140            android:exported="false"
140-->[com.firebaseui:firebase-ui-auth:7.2.0] AndroidManifest.xml:65:13-37
141            android:label="@string/fui_title_welcome_back_password_prompt"
141-->[com.firebaseui:firebase-ui-auth:7.2.0] AndroidManifest.xml:66:13-75
142            android:windowSoftInputMode="adjustResize" />
142-->[com.firebaseui:firebase-ui-auth:7.2.0] AndroidManifest.xml:67:13-55
143        <activity
143-->[com.firebaseui:firebase-ui-auth:7.2.0] AndroidManifest.xml:68:9-73:58
144            android:name="com.firebase.ui.auth.ui.email.EmailLinkCatcherActivity"
144-->[com.firebaseui:firebase-ui-auth:7.2.0] AndroidManifest.xml:69:13-82
145            android:exported="false"
145-->[com.firebaseui:firebase-ui-auth:7.2.0] AndroidManifest.xml:70:13-37
146            android:label=""
146-->[com.firebaseui:firebase-ui-auth:7.2.0] AndroidManifest.xml:71:13-29
147            android:theme="@style/FirebaseUI.Transparent"
147-->[com.firebaseui:firebase-ui-auth:7.2.0] AndroidManifest.xml:72:13-58
148            android:windowSoftInputMode="adjustResize" />
148-->[com.firebaseui:firebase-ui-auth:7.2.0] AndroidManifest.xml:73:13-55
149        <activity
149-->[com.firebaseui:firebase-ui-auth:7.2.0] AndroidManifest.xml:74:9-78:58
150            android:name="com.firebase.ui.auth.ui.email.EmailLinkErrorRecoveryActivity"
150-->[com.firebaseui:firebase-ui-auth:7.2.0] AndroidManifest.xml:75:13-88
151            android:exported="false"
151-->[com.firebaseui:firebase-ui-auth:7.2.0] AndroidManifest.xml:76:13-37
152            android:label="@string/fui_sign_in_default"
152-->[com.firebaseui:firebase-ui-auth:7.2.0] AndroidManifest.xml:77:13-56
153            android:windowSoftInputMode="adjustResize" />
153-->[com.firebaseui:firebase-ui-auth:7.2.0] AndroidManifest.xml:78:13-55
154        <activity
154-->[com.firebaseui:firebase-ui-auth:7.2.0] AndroidManifest.xml:79:9-82:65
155            android:name="com.firebase.ui.auth.ui.idp.AuthMethodPickerActivity"
155-->[com.firebaseui:firebase-ui-auth:7.2.0] AndroidManifest.xml:80:13-80
156            android:exported="false"
156-->[com.firebaseui:firebase-ui-auth:7.2.0] AndroidManifest.xml:81:13-37
157            android:label="@string/fui_default_toolbar_title" />
157-->[com.firebaseui:firebase-ui-auth:7.2.0] AndroidManifest.xml:82:13-62
158        <activity
158-->[com.firebaseui:firebase-ui-auth:7.2.0] AndroidManifest.xml:83:9-87:48
159            android:name="com.facebook.FacebookActivity"
159-->[com.firebaseui:firebase-ui-auth:7.2.0] AndroidManifest.xml:84:13-57
160            android:configChanges="keyboard|keyboardHidden|screenLayout|screenSize|orientation"
160-->[com.firebaseui:firebase-ui-auth:7.2.0] AndroidManifest.xml:85:13-96
161            android:label="@string/app_name" />
161-->[com.firebaseui:firebase-ui-auth:7.2.0] AndroidManifest.xml:86:13-45
162        <activity
162-->[com.firebaseui:firebase-ui-auth:7.2.0] AndroidManifest.xml:88:9-100:20
163            android:name="com.facebook.CustomTabActivity"
163-->[com.firebaseui:firebase-ui-auth:7.2.0] AndroidManifest.xml:89:13-58
164            android:exported="true" >
164-->[com.firebaseui:firebase-ui-auth:7.2.0] AndroidManifest.xml:90:13-36
165            <intent-filter>
165-->[com.firebaseui:firebase-ui-auth:7.2.0] AndroidManifest.xml:92:13-99:29
166                <action android:name="android.intent.action.VIEW" />
166-->[com.firebaseui:firebase-ui-auth:7.2.0] AndroidManifest.xml:93:17-69
166-->[com.firebaseui:firebase-ui-auth:7.2.0] AndroidManifest.xml:93:25-66
167
168                <category android:name="android.intent.category.DEFAULT" />
168-->[com.firebaseui:firebase-ui-auth:7.2.0] AndroidManifest.xml:95:17-76
168-->[com.firebaseui:firebase-ui-auth:7.2.0] AndroidManifest.xml:95:27-73
169                <category android:name="android.intent.category.BROWSABLE" />
169-->[com.firebaseui:firebase-ui-auth:7.2.0] AndroidManifest.xml:96:17-78
169-->[com.firebaseui:firebase-ui-auth:7.2.0] AndroidManifest.xml:96:27-75
170
171                <data android:scheme="@string/facebook_login_protocol_scheme" />
171-->[com.firebaseui:firebase-ui-auth:7.2.0] AndroidManifest.xml:98:17-81
171-->[com.firebaseui:firebase-ui-auth:7.2.0] AndroidManifest.xml:98:23-78
172            </intent-filter>
173        </activity>
174
175        <provider
175-->[com.firebaseui:firebase-ui-auth:7.2.0] AndroidManifest.xml:102:9-106:38
176            android:name="com.firebase.ui.auth.data.client.AuthUiInitProvider"
176-->[com.firebaseui:firebase-ui-auth:7.2.0] AndroidManifest.xml:103:13-79
177            android:authorities="com.example.perfegged.authuiinitprovider"
177-->[com.firebaseui:firebase-ui-auth:7.2.0] AndroidManifest.xml:104:13-70
178            android:exported="false"
178-->[com.firebaseui:firebase-ui-auth:7.2.0] AndroidManifest.xml:105:13-37
179            android:initOrder="90" />
179-->[com.firebaseui:firebase-ui-auth:7.2.0] AndroidManifest.xml:106:13-35
180
181        <activity
181-->[com.google.firebase:firebase-auth:21.1.0] AndroidManifest.xml:27:9-44:20
182            android:name="com.google.firebase.auth.internal.GenericIdpActivity"
182-->[com.google.firebase:firebase-auth:21.1.0] AndroidManifest.xml:28:13-80
183            android:excludeFromRecents="true"
183-->[com.google.firebase:firebase-auth:21.1.0] AndroidManifest.xml:29:13-46
184            android:exported="true"
184-->[com.google.firebase:firebase-auth:21.1.0] AndroidManifest.xml:30:13-36
185            android:launchMode="singleTask"
185-->[com.google.firebase:firebase-auth:21.1.0] AndroidManifest.xml:31:13-44
186            android:theme="@android:style/Theme.Translucent.NoTitleBar" >
186-->[com.google.firebase:firebase-auth:21.1.0] AndroidManifest.xml:32:13-72
187            <intent-filter>
187-->[com.google.firebase:firebase-auth:21.1.0] AndroidManifest.xml:33:13-43:29
188                <action android:name="android.intent.action.VIEW" />
188-->[com.firebaseui:firebase-ui-auth:7.2.0] AndroidManifest.xml:93:17-69
188-->[com.firebaseui:firebase-ui-auth:7.2.0] AndroidManifest.xml:93:25-66
189
190                <category android:name="android.intent.category.DEFAULT" />
190-->[com.firebaseui:firebase-ui-auth:7.2.0] AndroidManifest.xml:95:17-76
190-->[com.firebaseui:firebase-ui-auth:7.2.0] AndroidManifest.xml:95:27-73
191                <category android:name="android.intent.category.BROWSABLE" />
191-->[com.firebaseui:firebase-ui-auth:7.2.0] AndroidManifest.xml:96:17-78
191-->[com.firebaseui:firebase-ui-auth:7.2.0] AndroidManifest.xml:96:27-75
192
193                <data
193-->[com.firebaseui:firebase-ui-auth:7.2.0] AndroidManifest.xml:98:17-81
194                    android:host="firebase.auth"
195                    android:path="/"
196                    android:scheme="genericidp" />
196-->[com.firebaseui:firebase-ui-auth:7.2.0] AndroidManifest.xml:98:23-78
197            </intent-filter>
198        </activity>
199        <activity
199-->[com.google.firebase:firebase-auth:21.1.0] AndroidManifest.xml:45:9-62:20
200            android:name="com.google.firebase.auth.internal.RecaptchaActivity"
200-->[com.google.firebase:firebase-auth:21.1.0] AndroidManifest.xml:46:13-79
201            android:excludeFromRecents="true"
201-->[com.google.firebase:firebase-auth:21.1.0] AndroidManifest.xml:47:13-46
202            android:exported="true"
202-->[com.google.firebase:firebase-auth:21.1.0] AndroidManifest.xml:48:13-36
203            android:launchMode="singleTask"
203-->[com.google.firebase:firebase-auth:21.1.0] AndroidManifest.xml:49:13-44
204            android:theme="@android:style/Theme.Translucent.NoTitleBar" >
204-->[com.google.firebase:firebase-auth:21.1.0] AndroidManifest.xml:50:13-72
205            <intent-filter>
205-->[com.google.firebase:firebase-auth:21.1.0] AndroidManifest.xml:51:13-61:29
206                <action android:name="android.intent.action.VIEW" />
206-->[com.firebaseui:firebase-ui-auth:7.2.0] AndroidManifest.xml:93:17-69
206-->[com.firebaseui:firebase-ui-auth:7.2.0] AndroidManifest.xml:93:25-66
207
208                <category android:name="android.intent.category.DEFAULT" />
208-->[com.firebaseui:firebase-ui-auth:7.2.0] AndroidManifest.xml:95:17-76
208-->[com.firebaseui:firebase-ui-auth:7.2.0] AndroidManifest.xml:95:27-73
209                <category android:name="android.intent.category.BROWSABLE" />
209-->[com.firebaseui:firebase-ui-auth:7.2.0] AndroidManifest.xml:96:17-78
209-->[com.firebaseui:firebase-ui-auth:7.2.0] AndroidManifest.xml:96:27-75
210
211                <data
211-->[com.firebaseui:firebase-ui-auth:7.2.0] AndroidManifest.xml:98:17-81
212                    android:host="firebase.auth"
213                    android:path="/"
214                    android:scheme="recaptcha" />
214-->[com.firebaseui:firebase-ui-auth:7.2.0] AndroidManifest.xml:98:23-78
215            </intent-filter>
216        </activity>
217
218        <provider
218-->[com.google.firebase:firebase-common:20.2.0] AndroidManifest.xml:25:9-30:39
219            android:name="com.google.firebase.provider.FirebaseInitProvider"
219-->[com.google.firebase:firebase-common:20.2.0] AndroidManifest.xml:26:13-77
220            android:authorities="com.example.perfegged.firebaseinitprovider"
220-->[com.google.firebase:firebase-common:20.2.0] AndroidManifest.xml:27:13-72
221            android:directBootAware="true"
221-->[com.google.firebase:firebase-common:20.2.0] AndroidManifest.xml:28:13-43
222            android:exported="false"
222-->[com.google.firebase:firebase-common:20.2.0] AndroidManifest.xml:29:13-37
223            android:initOrder="100" />
223-->[com.google.firebase:firebase-common:20.2.0] AndroidManifest.xml:30:13-36
224
225        <activity
225-->[com.google.android.gms:play-services-auth:20.4.0] AndroidManifest.xml:23:9-27:75
226            android:name="com.google.android.gms.auth.api.signin.internal.SignInHubActivity"
226-->[com.google.android.gms:play-services-auth:20.4.0] AndroidManifest.xml:24:13-93
227            android:excludeFromRecents="true"
227-->[com.google.android.gms:play-services-auth:20.4.0] AndroidManifest.xml:25:13-46
228            android:exported="false"
228-->[com.google.android.gms:play-services-auth:20.4.0] AndroidManifest.xml:26:13-37
229            android:theme="@android:style/Theme.Translucent.NoTitleBar" />
229-->[com.google.android.gms:play-services-auth:20.4.0] AndroidManifest.xml:27:13-72
230        <!--
231            Service handling Google Sign-In user revocation. For apps that do not integrate with
232            Google Sign-In, this service will never be started.
233        -->
234        <service
234-->[com.google.android.gms:play-services-auth:20.4.0] AndroidManifest.xml:33:9-37:51
235            android:name="com.google.android.gms.auth.api.signin.RevocationBoundService"
235-->[com.google.android.gms:play-services-auth:20.4.0] AndroidManifest.xml:34:13-89
236            android:exported="true"
236-->[com.google.android.gms:play-services-auth:20.4.0] AndroidManifest.xml:35:13-36
237            android:permission="com.google.android.gms.auth.api.signin.permission.REVOCATION_NOTIFICATION"
237-->[com.google.android.gms:play-services-auth:20.4.0] AndroidManifest.xml:36:13-107
238            android:visibleToInstantApps="true" />
238-->[com.google.android.gms:play-services-auth:20.4.0] AndroidManifest.xml:37:13-48
239
240        <activity
240-->[com.google.android.gms:play-services-base:18.0.1] AndroidManifest.xml:20:9-22:45
241            android:name="com.google.android.gms.common.api.GoogleApiActivity"
241-->[com.google.android.gms:play-services-base:18.0.1] AndroidManifest.xml:20:19-85
242            android:exported="false"
242-->[com.google.android.gms:play-services-base:18.0.1] AndroidManifest.xml:22:19-43
243            android:theme="@android:style/Theme.Translucent.NoTitleBar" />
243-->[com.google.android.gms:play-services-base:18.0.1] AndroidManifest.xml:21:19-78
244
245        <provider
245-->[androidx.lifecycle:lifecycle-process:2.2.0] AndroidManifest.xml:25:9-29:43
246            android:name="androidx.lifecycle.ProcessLifecycleOwnerInitializer"
246-->[androidx.lifecycle:lifecycle-process:2.2.0] AndroidManifest.xml:26:13-79
247            android:authorities="com.example.perfegged.lifecycle-process"
247-->[androidx.lifecycle:lifecycle-process:2.2.0] AndroidManifest.xml:27:13-69
248            android:exported="false"
248-->[androidx.lifecycle:lifecycle-process:2.2.0] AndroidManifest.xml:28:13-37
249            android:multiprocess="true" />
249-->[androidx.lifecycle:lifecycle-process:2.2.0] AndroidManifest.xml:29:13-40
250    </application>
251
252</manifest>